TN:
SF:src\DataStore.ts
FN:7,(anonymous_0)
FN:12,(anonymous_1)
FN:16,(anonymous_2)
FN:20,(anonymous_3)
FN:24,(anonymous_4)
FN:28,(anonymous_5)
FN:32,(anonymous_6)
FNF:7
FNH:7
FNDA:8,(anonymous_0)
FNDA:4,(anonymous_1)
FNDA:2,(anonymous_2)
FNDA:13,(anonymous_3)
FNDA:1,(anonymous_4)
FNDA:1,(anonymous_5)
FNDA:1,(anonymous_6)
DA:3,1
DA:8,8
DA:9,8
DA:13,4
DA:17,2
DA:21,13
DA:25,1
DA:29,1
DA:33,1
LF:9
LH:9
BRDA:12,0,0,1
BRF:1
BRH:1
end_of_record
TN:
SF:src\adapters\MapAdapter.ts
FN:6,(anonymous_0)
FN:10,(anonymous_1)
FN:19,(anonymous_2)
FN:23,(anonymous_3)
FN:24,(anonymous_4)
FN:29,(anonymous_5)
FN:49,(anonymous_6)
FN:54,(anonymous_7)
FN:59,(anonymous_8)
FN:67,(anonymous_9)
FN:77,(anonymous_10)
FN:81,(anonymous_11)
FNF:12
FNH:12
FNDA:8,(anonymous_0)
FNDA:22,(anonymous_1)
FNDA:4,(anonymous_2)
FNDA:2,(anonymous_3)
FNDA:2,(anonymous_4)
FNDA:1,(anonymous_5)
FNDA:4,(anonymous_6)
FNDA:3,(anonymous_7)
FNDA:13,(anonymous_8)
FNDA:1,(anonymous_9)
FNDA:1,(anonymous_10)
FNDA:1,(anonymous_11)
DA:3,1
DA:7,8
DA:11,22
DA:12,22
DA:13,9
DA:14,9
DA:16,22
DA:20,4
DA:22,4
DA:23,1
DA:24,2
DA:28,4
DA:29,1
DA:30,1
DA:31,1
DA:32,0
DA:34,0
DA:38,4
DA:39,1
DA:42,4
DA:43,1
DA:46,4
DA:50,4
DA:51,4
DA:55,3
DA:56,3
DA:60,13
DA:61,0
DA:63,13
DA:64,13
DA:68,1
DA:69,1
DA:70,0
DA:72,1
DA:73,1
DA:74,1
DA:78,1
DA:82,1
LF:38
LH:34
BRDA:12,0,0,9
BRDA:22,1,0,1
BRDA:24,2,0,2
BRDA:24,2,1,0
BRDA:28,3,0,1
BRDA:30,4,0,1
BRDA:30,4,1,0
BRDA:31,5,0,1
BRDA:31,6,0,0
BRDA:31,6,1,1
BRDA:32,7,0,0
BRDA:32,8,0,0
BRDA:32,8,1,0
BRDA:38,9,0,1
BRDA:42,10,0,1
BRDA:56,11,0,3
BRDA:56,11,1,1
BRDA:60,12,0,0
BRDA:69,13,0,0
BRF:19
BRH:11
end_of_record
